2023-03-14 08:31:01.270  INFO 8924 --- [main] com.musalasoft.droneapi.DroneApi         : Starting DroneApi using Java 1.8.0_333 on DESKTOP-3FVDAL6 with PID 8924 (D:\Downloads\drone-app\target\classes started by i213016 in D:\Downloads\drone-app)
2023-03-14 08:31:01.299  INFO 8924 --- [main] com.musalasoft.droneapi.DroneApi         : No active profile set, falling back to 1 default profile: "default"
2023-03-14 08:31:03.114  INFO 8924 --- [main] .s.d.r.c.RepositoryConfigurationDelegate : Bootstrapping Spring Data JPA repositories in DEFAULT mode.
2023-03-14 08:31:03.206  INFO 8924 --- [main] .s.d.r.c.RepositoryConfigurationDelegate : Finished Spring Data repository scanning in 77 ms. Found 2 JPA repository interfaces.
2023-03-14 08:31:03.889  INFO 8924 --- [main] o.s.b.w.embedded.tomcat.TomcatWebServer  : Tomcat initialized with port(s): 8081 (http)
2023-03-14 08:31:03.905  INFO 8924 --- [main] o.apache.catalina.core.StandardService   : Starting service [Tomcat]
2023-03-14 08:31:03.906  INFO 8924 --- [main] org.apache.catalina.core.StandardEngine  : Starting Servlet engine: [Apache Tomcat/9.0.68]
2023-03-14 08:31:04.330  INFO 8924 --- [main] o.a.c.c.C.[Tomcat].[localhost].[/]       : Initializing Spring embedded WebApplicationContext
2023-03-14 08:31:04.330  INFO 8924 --- [main] w.s.c.ServletWebServerApplicationContext : Root WebApplicationContext: initialization completed in 2944 ms
2023-03-14 08:31:04.361  INFO 8924 --- [main] com.zaxxer.hikari.HikariDataSource       : HikariPool-1 - Starting...
2023-03-14 08:31:04.590  INFO 8924 --- [main] com.zaxxer.hikari.HikariDataSource       : HikariPool-1 - Start completed.
2023-03-14 08:31:04.590  INFO 8924 --- [main] o.s.b.a.h2.H2ConsoleAutoConfiguration    : H2 console available at '/h2-console'. Database available at 'jdbc:h2:mem:drone'
2023-03-14 08:31:04.722  INFO 8924 --- [main] o.hibernate.jpa.internal.util.LogHelper  : HHH000204: Processing PersistenceUnitInfo [name: default]
2023-03-14 08:31:04.811  INFO 8924 --- [main] org.hibernate.Version                    : HHH000412: Hibernate ORM core version 5.6.12.Final
2023-03-14 08:31:05.014  INFO 8924 --- [main] o.hibernate.annotations.common.Version   : HCANN000001: Hibernate Commons Annotations {5.1.2.Final}
2023-03-14 08:31:05.167  INFO 8924 --- [main] org.hibernate.dialect.Dialect            : HHH000400: Using dialect: org.hibernate.dialect.H2Dialect
2023-03-14 08:31:05.840  INFO 8924 --- [main] o.h.e.t.j.p.i.JtaPlatformInitiator       : HHH000490: Using JtaPlatform implementation: [org.hibernate.engine.transaction.jta.platform.internal.NoJtaPlatform]
2023-03-14 08:31:05.852  INFO 8924 --- [main] j.LocalContainerEntityManagerFactoryBean : Initialized JPA EntityManagerFactory for persistence unit 'default'
2023-03-14 08:31:06.368  WARN 8924 --- [main] JpaBaseConfiguration$JpaWebConfiguration : spring.jpa.open-in-view is enabled by default. Therefore, database queries may be performed during view rendering. Explicitly configure spring.jpa.open-in-view to disable this warning
2023-03-14 08:31:06.916  INFO 8924 --- [main] o.s.b.w.embedded.tomcat.TomcatWebServer  : Tomcat started on port(s): 8081 (http) with context path ''
2023-03-14 08:31:07.114  INFO 8924 --- [main] com.musalasoft.droneapi.DroneApi         : Started DroneApi in 6.856 seconds (JVM running for 11.087)
2023-03-14 08:34:46.071  INFO 8924 --- [http-nio-8081-exec-1] o.a.c.c.C.[Tomcat].[localhost].[/]       : Initializing Spring DispatcherServlet 'dispatcherServlet'
2023-03-14 08:34:46.072  INFO 8924 --- [http-nio-8081-exec-1] o.s.web.servlet.DispatcherServlet        : Initializing Servlet 'dispatcherServlet'
2023-03-14 08:34:46.073  INFO 8924 --- [http-nio-8081-exec-1] o.s.web.servlet.DispatcherServlet        : Completed initialization in 1 ms
2023-03-14 08:34:46.090  WARN 8924 --- [http-nio-8081-exec-1] o.s.web.servlet.PageNotFound             : No mapping for GET /
2023-03-14 08:34:46.266  WARN 8924 --- [http-nio-8081-exec-8] o.s.web.servlet.PageNotFound             : No mapping for GET /favicon.ico
2023-03-14 08:35:13.732  INFO 8924 --- [http-nio-8081-exec-5] c.m.d.controller.DispatcherController    : Retrieving list of available drones for loading 
2023-03-14 08:35:13.732  INFO 8924 --- [http-nio-8081-exec-5] c.m.droneapi.service.DroneService        : Retrieving list of available drones 
2023-03-14 08:50:08.261  INFO 12832 --- [main] com.musalasoft.droneapi.DroneApi         : Starting DroneApi using Java 1.8.0_333 on DESKTOP-3FVDAL6 with PID 12832 (D:\Downloads\drone-app\target\classes started by i213016 in D:\Downloads\drone-app)
2023-03-14 08:50:08.266  INFO 12832 --- [main] com.musalasoft.droneapi.DroneApi         : No active profile set, falling back to 1 default profile: "default"
2023-03-14 08:50:09.852  INFO 12832 --- [main] .s.d.r.c.RepositoryConfigurationDelegate : Bootstrapping Spring Data JPA repositories in DEFAULT mode.
2023-03-14 08:50:09.912  INFO 12832 --- [main] .s.d.r.c.RepositoryConfigurationDelegate : Finished Spring Data repository scanning in 51 ms. Found 2 JPA repository interfaces.
2023-03-14 08:50:10.461  INFO 12832 --- [main] o.s.b.w.embedded.tomcat.TomcatWebServer  : Tomcat initialized with port(s): 8081 (http)
2023-03-14 08:50:10.476  INFO 12832 --- [main] o.apache.catalina.core.StandardService   : Starting service [Tomcat]
2023-03-14 08:50:10.476  INFO 12832 --- [main] org.apache.catalina.core.StandardEngine  : Starting Servlet engine: [Apache Tomcat/9.0.68]
2023-03-14 08:50:10.782  INFO 12832 --- [main] o.a.c.c.C.[Tomcat].[localhost].[/]       : Initializing Spring embedded WebApplicationContext
2023-03-14 08:50:10.782  INFO 12832 --- [main] w.s.c.ServletWebServerApplicationContext : Root WebApplicationContext: initialization completed in 2455 ms
2023-03-14 08:50:10.798  INFO 12832 --- [main] com.zaxxer.hikari.HikariDataSource       : HikariPool-1 - Starting...
2023-03-14 08:50:10.945  INFO 12832 --- [main] com.zaxxer.hikari.HikariDataSource       : HikariPool-1 - Start completed.
2023-03-14 08:50:10.961  INFO 12832 --- [main] o.s.b.a.h2.H2ConsoleAutoConfiguration    : H2 console available at '/h2-console'. Database available at 'jdbc:h2:mem:drone'
2023-03-14 08:50:11.067  INFO 12832 --- [main] o.hibernate.jpa.internal.util.LogHelper  : HHH000204: Processing PersistenceUnitInfo [name: default]
2023-03-14 08:50:11.115  INFO 12832 --- [main] org.hibernate.Version                    : HHH000412: Hibernate ORM core version 5.6.12.Final
2023-03-14 08:50:11.252  INFO 12832 --- [main] o.hibernate.annotations.common.Version   : HCANN000001: Hibernate Commons Annotations {5.1.2.Final}
2023-03-14 08:50:11.362  INFO 12832 --- [main] org.hibernate.dialect.Dialect            : HHH000400: Using dialect: org.hibernate.dialect.H2Dialect
2023-03-14 08:50:12.032  INFO 12832 --- [main] o.h.e.t.j.p.i.JtaPlatformInitiator       : HHH000490: Using JtaPlatform implementation: [org.hibernate.engine.transaction.jta.platform.internal.NoJtaPlatform]
2023-03-14 08:50:12.042  INFO 12832 --- [main] j.LocalContainerEntityManagerFactoryBean : Initialized JPA EntityManagerFactory for persistence unit 'default'
2023-03-14 08:50:12.683  WARN 12832 --- [main] JpaBaseConfiguration$JpaWebConfiguration : spring.jpa.open-in-view is enabled by default. Therefore, database queries may be performed during view rendering. Explicitly configure spring.jpa.open-in-view to disable this warning
2023-03-14 08:50:13.234  INFO 12832 --- [main] o.s.b.w.embedded.tomcat.TomcatWebServer  : Tomcat started on port(s): 8081 (http) with context path ''
2023-03-14 08:50:13.484  INFO 12832 --- [main] com.musalasoft.droneapi.DroneApi         : Started DroneApi in 6.076 seconds (JVM running for 8.627)
2023-03-14 08:54:41.547  INFO 13388 --- [main] com.musalasoft.droneapi.DroneApi         : Starting DroneApi using Java 1.8.0_333 on DESKTOP-3FVDAL6 with PID 13388 (D:\Downloads\drone-app\target\classes started by i213016 in D:\Downloads\drone-app)
2023-03-14 08:54:41.547  INFO 13388 --- [main] com.musalasoft.droneapi.DroneApi         : No active profile set, falling back to 1 default profile: "default"
2023-03-14 08:54:42.678  INFO 13388 --- [main] .s.d.r.c.RepositoryConfigurationDelegate : Bootstrapping Spring Data JPA repositories in DEFAULT mode.
2023-03-14 08:54:42.733  INFO 13388 --- [main] .s.d.r.c.RepositoryConfigurationDelegate : Finished Spring Data repository scanning in 50 ms. Found 2 JPA repository interfaces.
2023-03-14 08:54:43.192  INFO 13388 --- [main] o.s.b.w.embedded.tomcat.TomcatWebServer  : Tomcat initialized with port(s): 8081 (http)
2023-03-14 08:54:43.199  INFO 13388 --- [main] o.apache.catalina.core.StandardService   : Starting service [Tomcat]
2023-03-14 08:54:43.199  INFO 13388 --- [main] org.apache.catalina.core.StandardEngine  : Starting Servlet engine: [Apache Tomcat/9.0.68]
2023-03-14 08:54:43.465  INFO 13388 --- [main] o.a.c.c.C.[Tomcat].[localhost].[/]       : Initializing Spring embedded WebApplicationContext
2023-03-14 08:54:43.465  INFO 13388 --- [main] w.s.c.ServletWebServerApplicationContext : Root WebApplicationContext: initialization completed in 1845 ms
2023-03-14 08:54:43.487  INFO 13388 --- [main] com.zaxxer.hikari.HikariDataSource       : HikariPool-1 - Starting...
2023-03-14 08:54:43.620  INFO 13388 --- [main] com.zaxxer.hikari.HikariDataSource       : HikariPool-1 - Start completed.
2023-03-14 08:54:43.636  INFO 13388 --- [main] o.s.b.a.h2.H2ConsoleAutoConfiguration    : H2 console available at '/h2-console'. Database available at 'jdbc:h2:mem:drone'
2023-03-14 08:54:43.734  INFO 13388 --- [main] o.hibernate.jpa.internal.util.LogHelper  : HHH000204: Processing PersistenceUnitInfo [name: default]
2023-03-14 08:54:43.765  INFO 13388 --- [main] org.hibernate.Version                    : HHH000412: Hibernate ORM core version 5.6.12.Final
2023-03-14 08:54:43.904  INFO 13388 --- [main] o.hibernate.annotations.common.Version   : HCANN000001: Hibernate Commons Annotations {5.1.2.Final}
2023-03-14 08:54:43.988  INFO 13388 --- [main] org.hibernate.dialect.Dialect            : HHH000400: Using dialect: org.hibernate.dialect.H2Dialect
2023-03-14 08:54:44.551  INFO 13388 --- [main] o.h.e.t.j.p.i.JtaPlatformInitiator       : HHH000490: Using JtaPlatform implementation: [org.hibernate.engine.transaction.jta.platform.internal.NoJtaPlatform]
2023-03-14 08:54:44.551  INFO 13388 --- [main] j.LocalContainerEntityManagerFactoryBean : Initialized JPA EntityManagerFactory for persistence unit 'default'
2023-03-14 08:54:44.784  WARN 13388 --- [main] ConfigServletWebServerApplicationContext : Exception encountered during context initialization - cancelling refresh attempt: org.springframework.beans.factory.UnsatisfiedDependencyException: Error creating bean with name 'dispatcherController' defined in file [D:\Downloads\drone-app\target\classes\com\musalasoft\droneapi\controller\DispatcherController.class]: Unsatisfied dependency expressed through constructor parameter 0; nested exception is org.springframework.beans.factory.UnsatisfiedDependencyException: Error creating bean with name 'droneService': Unsatisfied dependency expressed through field 'droneRepository'; nested exception is org.springframework.beans.factory.BeanCreationException: Error creating bean with name 'droneRepository' defined in com.musalasoft.droneapi.repo.DroneRepository defined in @EnableJpaRepositories declared on JpaRepositoriesRegistrar.EnableJpaRepositoriesConfiguration: Invocation of init method failed; nested exception is org.springframework.data.repository.query.QueryCreationException: Could not create query for public abstract java.lang.Double com.musalasoft.droneapi.repo.DroneRepository.getCapacityForSerial(java.lang.String); Reason: Using named parameters for method public abstract java.lang.Double com.musalasoft.droneapi.repo.DroneRepository.getCapacityForSerial(java.lang.String) but parameter 'Optional[serialNumber]' not found in annotated query 'SELECT  d.batteryCapacity FROM Drone d WHERE d.serialNumber = :serial'!; nested exception is java.lang.IllegalStateException: Using named parameters for method public abstract java.lang.Double com.musalasoft.droneapi.repo.DroneRepository.getCapacityForSerial(java.lang.String) but parameter 'Optional[serialNumber]' not found in annotated query 'SELECT  d.batteryCapacity FROM Drone d WHERE d.serialNumber = :serial'!
2023-03-14 08:54:44.784  INFO 13388 --- [main] j.LocalContainerEntityManagerFactoryBean : Closing JPA EntityManagerFactory for persistence unit 'default'
2023-03-14 08:54:44.789  INFO 13388 --- [main] com.zaxxer.hikari.HikariDataSource       : HikariPool-1 - Shutdown initiated...
2023-03-14 08:54:44.789  INFO 13388 --- [main] com.zaxxer.hikari.HikariDataSource       : HikariPool-1 - Shutdown completed.
2023-03-14 08:54:44.789  INFO 13388 --- [main] o.apache.catalina.core.StandardService   : Stopping service [Tomcat]
2023-03-14 08:54:44.789  INFO 13388 --- [main] ConditionEvaluationReportLoggingListener : 

Error starting ApplicationContext. To display the conditions report re-run your application with 'debug' enabled.
2023-03-14 08:54:44.821 ERROR 13388 --- [main] o.s.boot.SpringApplication               : Application run failed

org.springframework.beans.factory.UnsatisfiedDependencyException: Error creating bean with name 'dispatcherController' defined in file [D:\Downloads\drone-app\target\classes\com\musalasoft\droneapi\controller\DispatcherController.class]: Unsatisfied dependency expressed through constructor parameter 0; nested exception is org.springframework.beans.factory.UnsatisfiedDependencyException: Error creating bean with name 'droneService': Unsatisfied dependency expressed through field 'droneRepository'; nested exception is org.springframework.beans.factory.BeanCreationException: Error creating bean with name 'droneRepository' defined in com.musalasoft.droneapi.repo.DroneRepository defined in @EnableJpaRepositories declared on JpaRepositoriesRegistrar.EnableJpaRepositoriesConfiguration: Invocation of init method failed; nested exception is org.springframework.data.repository.query.QueryCreationException: Could not create query for public abstract java.lang.Double com.musalasoft.droneapi.repo.DroneRepository.getCapacityForSerial(java.lang.String); Reason: Using named parameters for method public abstract java.lang.Double com.musalasoft.droneapi.repo.DroneRepository.getCapacityForSerial(java.lang.String) but parameter 'Optional[serialNumber]' not found in annotated query 'SELECT  d.batteryCapacity FROM Drone d WHERE d.serialNumber = :serial'!; nested exception is java.lang.IllegalStateException: Using named parameters for method public abstract java.lang.Double com.musalasoft.droneapi.repo.DroneRepository.getCapacityForSerial(java.lang.String) but parameter 'Optional[serialNumber]' not found in annotated query 'SELECT  d.batteryCapacity FROM Drone d WHERE d.serialNumber = :serial'!
	at org.springframework.beans.factory.support.ConstructorResolver.createArgumentArray(ConstructorResolver.java:800) ~[spring-beans-5.3.23.jar:5.3.23]
	at org.springframework.beans.factory.support.ConstructorResolver.autowireConstructor(ConstructorResolver.java:229) ~[spring-beans-5.3.23.jar:5.3.23]
	at org.springframework.beans.factory.support.AbstractAutowireCapableBeanFactory.autowireConstructor(AbstractAutowireCapableBeanFactory.java:1372) ~[spring-beans-5.3.23.jar:5.3.23]
	at org.springframework.beans.factory.support.AbstractAutowireCapableBeanFactory.createBeanInstance(AbstractAutowireCapableBeanFactory.java:1222) ~[spring-beans-5.3.23.jar:5.3.23]
	at org.springframework.beans.factory.support.AbstractAutowireCapableBeanFactory.doCreateBean(AbstractAutowireCapableBeanFactory.java:582) ~[spring-beans-5.3.23.jar:5.3.23]
	at org.springframework.beans.factory.support.AbstractAutowireCapableBeanFactory.createBean(AbstractAutowireCapableBeanFactory.java:542) ~[spring-beans-5.3.23.jar:5.3.23]
	at org.springframework.beans.factory.support.AbstractBeanFactory.lambda$doGetBean$0(AbstractBeanFactory.java:335) ~[spring-beans-5.3.23.jar:5.3.23]
	at org.springframework.beans.factory.support.DefaultSingletonBeanRegistry.getSingleton(DefaultSingletonBeanRegistry.java:234) ~[spring-beans-5.3.23.jar:5.3.23]
	at org.springframework.beans.factory.support.AbstractBeanFactory.doGetBean(AbstractBeanFactory.java:333) ~[spring-beans-5.3.23.jar:5.3.23]
	at org.springframework.beans.factory.support.AbstractBeanFactory.getBean(AbstractBeanFactory.java:208) ~[spring-beans-5.3.23.jar:5.3.23]
	at org.springframework.beans.factory.support.DefaultListableBeanFactory.preInstantiateSingletons(DefaultListableBeanFactory.java:955) ~[spring-beans-5.3.23.jar:5.3.23]
	at org.springframework.context.support.AbstractApplicationContext.finishBeanFactoryInitialization(AbstractApplicationContext.java:918) ~[spring-context-5.3.23.jar:5.3.23]
	at org.springframework.context.support.AbstractApplicationContext.refresh(AbstractApplicationContext.java:583) ~[spring-context-5.3.23.jar:5.3.23]
	at org.springframework.boot.web.servlet.context.ServletWebServerApplicationContext.refresh(ServletWebServerApplicationContext.java:147) ~[spring-boot-2.7.5.jar:2.7.5]
	at org.springframework.boot.SpringApplication.refresh(SpringApplication.java:734) [spring-boot-2.7.5.jar:2.7.5]
	at org.springframework.boot.SpringApplication.refreshContext(SpringApplication.java:408) [spring-boot-2.7.5.jar:2.7.5]
	at org.springframework.boot.SpringApplication.run(SpringApplication.java:308) [spring-boot-2.7.5.jar:2.7.5]
	at org.springframework.boot.SpringApplication.run(SpringApplication.java:1306) [spring-boot-2.7.5.jar:2.7.5]
	at org.springframework.boot.SpringApplication.run(SpringApplication.java:1295) [spring-boot-2.7.5.jar:2.7.5]
	at com.musalasoft.droneapi.DroneApi.main(DroneApi.java:10) [classes/:na]
Caused by: org.springframework.beans.factory.UnsatisfiedDependencyException: Error creating bean with name 'droneService': Unsatisfied dependency expressed through field 'droneRepository'; nested exception is org.springframework.beans.factory.BeanCreationException: Error creating bean with name 'droneRepository' defined in com.musalasoft.droneapi.repo.DroneRepository defined in @EnableJpaRepositories declared on JpaRepositoriesRegistrar.EnableJpaRepositoriesConfiguration: Invocation of init method failed; nested exception is org.springframework.data.repository.query.QueryCreationException: Could not create query for public abstract java.lang.Double com.musalasoft.droneapi.repo.DroneRepository.getCapacityForSerial(java.lang.String); Reason: Using named parameters for method public abstract java.lang.Double com.musalasoft.droneapi.repo.DroneRepository.getCapacityForSerial(java.lang.String) but parameter 'Optional[serialNumber]' not found in annotated query 'SELECT  d.batteryCapacity FROM Drone d WHERE d.serialNumber = :serial'!; nested exception is java.lang.IllegalStateException: Using named parameters for method public abstract java.lang.Double com.musalasoft.droneapi.repo.DroneRepository.getCapacityForSerial(java.lang.String) but parameter 'Optional[serialNumber]' not found in annotated query 'SELECT  d.batteryCapacity FROM Drone d WHERE d.serialNumber = :serial'!
	at org.springframework.beans.factory.annotation.AutowiredAnnotationBeanPostProcessor$AutowiredFieldElement.resolveFieldValue(AutowiredAnnotationBeanPostProcessor.java:659) ~[spring-beans-5.3.23.jar:5.3.23]
	at org.springframework.beans.factory.annotation.AutowiredAnnotationBeanPostProcessor$AutowiredFieldElement.inject(AutowiredAnnotationBeanPostProcessor.java:639) ~[spring-beans-5.3.23.jar:5.3.23]
	at org.springframework.beans.factory.annotation.InjectionMetadata.inject(InjectionMetadata.java:119) ~[spring-beans-5.3.23.jar:5.3.23]
	at org.springframework.beans.factory.annotation.AutowiredAnnotationBeanPostProcessor.postProcessProperties(AutowiredAnnotationBeanPostProcessor.java:399) ~[spring-beans-5.3.23.jar:5.3.23]
	at org.springframework.beans.factory.support.AbstractAutowireCapableBeanFactory.populateBean(AbstractAutowireCapableBeanFactory.java:1431) ~[spring-beans-5.3.23.jar:5.3.23]
	at org.springframework.beans.factory.support.AbstractAutowireCapableBeanFactory.doCreateBean(AbstractAutowireCapableBeanFactory.java:619) ~[spring-beans-5.3.23.jar:5.3.23]
	at org.springframework.beans.factory.support.AbstractAutowireCapableBeanFactory.createBean(AbstractAutowireCapableBeanFactory.java:542) ~[spring-beans-5.3.23.jar:5.3.23]
	at org.springframework.beans.factory.support.AbstractBeanFactory.lambda$doGetBean$0(AbstractBeanFactory.java:335) ~[spring-beans-5.3.23.jar:5.3.23]
	at org.springframework.beans.factory.support.DefaultSingletonBeanRegistry.getSingleton(DefaultSingletonBeanRegistry.java:234) ~[spring-beans-5.3.23.jar:5.3.23]
	at org.springframework.beans.factory.support.AbstractBeanFactory.doGetBean(AbstractBeanFactory.java:333) ~[spring-beans-5.3.23.jar:5.3.23]
	at org.springframework.beans.factory.support.AbstractBeanFactory.getBean(AbstractBeanFactory.java:208) ~[spring-beans-5.3.23.jar:5.3.23]
	at org.springframework.beans.factory.config.DependencyDescriptor.resolveCandidate(DependencyDescriptor.java:276) ~[spring-beans-5.3.23.jar:5.3.23]
	at org.springframework.beans.factory.support.DefaultListableBeanFactory.doResolveDependency(DefaultListableBeanFactory.java:1391) ~[spring-beans-5.3.23.jar:5.3.23]
	at org.springframework.beans.factory.support.DefaultListableBeanFactory.resolveDependency(DefaultListableBeanFactory.java:1311) ~[spring-beans-5.3.23.jar:5.3.23]
	at org.springframework.beans.factory.support.ConstructorResolver.resolveAutowiredArgument(ConstructorResolver.java:887) ~[spring-beans-5.3.23.jar:5.3.23]
	at org.springframework.beans.factory.support.ConstructorResolver.createArgumentArray(ConstructorResolver.java:791) ~[spring-beans-5.3.23.jar:5.3.23]
	... 19 common frames omitted
Caused by: org.springframework.beans.factory.BeanCreationException: Error creating bean with name 'droneRepository' defined in com.musalasoft.droneapi.repo.DroneRepository defined in @EnableJpaRepositories declared on JpaRepositoriesRegistrar.EnableJpaRepositoriesConfiguration: Invocation of init method failed; nested exception is org.springframework.data.repository.query.QueryCreationException: Could not create query for public abstract java.lang.Double com.musalasoft.droneapi.repo.DroneRepository.getCapacityForSerial(java.lang.String); Reason: Using named parameters for method public abstract java.lang.Double com.musalasoft.droneapi.repo.DroneRepository.getCapacityForSerial(java.lang.String) but parameter 'Optional[serialNumber]' not found in annotated query 'SELECT  d.batteryCapacity FROM Drone d WHERE d.serialNumber = :serial'!; nested exception is java.lang.IllegalStateException: Using named parameters for method public abstract java.lang.Double com.musalasoft.droneapi.repo.DroneRepository.getCapacityForSerial(java.lang.String) but parameter 'Optional[serialNumber]' not found in annotated query 'SELECT  d.batteryCapacity FROM Drone d WHERE d.serialNumber = :serial'!
	at org.springframework.beans.factory.support.AbstractAutowireCapableBeanFactory.initializeBean(AbstractAutowireCapableBeanFactory.java:1804) ~[spring-beans-5.3.23.jar:5.3.23]
	at org.springframework.beans.factory.support.AbstractAutowireCapableBeanFactory.doCreateBean(AbstractAutowireCapableBeanFactory.java:620) ~[spring-beans-5.3.23.jar:5.3.23]
	at org.springframework.beans.factory.support.AbstractAutowireCapableBeanFactory.createBean(AbstractAutowireCapableBeanFactory.java:542) ~[spring-beans-5.3.23.jar:5.3.23]
	at org.springframework.beans.factory.support.AbstractBeanFactory.lambda$doGetBean$0(AbstractBeanFactory.java:335) ~[spring-beans-5.3.23.jar:5.3.23]
	at org.springframework.beans.factory.support.DefaultSingletonBeanRegistry.getSingleton(DefaultSingletonBeanRegistry.java:234) ~[spring-beans-5.3.23.jar:5.3.23]
	at org.springframework.beans.factory.support.AbstractBeanFactory.doGetBean(AbstractBeanFactory.java:333) ~[spring-beans-5.3.23.jar:5.3.23]
	at org.springframework.beans.factory.support.AbstractBeanFactory.getBean(AbstractBeanFactory.java:208) ~[spring-beans-5.3.23.jar:5.3.23]
	at org.springframework.beans.factory.config.DependencyDescriptor.resolveCandidate(DependencyDescriptor.java:276) ~[spring-beans-5.3.23.jar:5.3.23]
	at org.springframework.beans.factory.support.DefaultListableBeanFactory.doResolveDependency(DefaultListableBeanFactory.java:1391) ~[spring-beans-5.3.23.jar:5.3.23]
	at org.springframework.beans.factory.support.DefaultListableBeanFactory.resolveDependency(DefaultListableBeanFactory.java:1311) ~[spring-beans-5.3.23.jar:5.3.23]
	at org.springframework.beans.factory.annotation.AutowiredAnnotationBeanPostProcessor$AutowiredFieldElement.resolveFieldValue(AutowiredAnnotationBeanPostProcessor.java:656) ~[spring-beans-5.3.23.jar:5.3.23]
	... 34 common frames omitted
Caused by: org.springframework.data.repository.query.QueryCreationException: Could not create query for public abstract java.lang.Double com.musalasoft.droneapi.repo.DroneRepository.getCapacityForSerial(java.lang.String); Reason: Using named parameters for method public abstract java.lang.Double com.musalasoft.droneapi.repo.DroneRepository.getCapacityForSerial(java.lang.String) but parameter 'Optional[serialNumber]' not found in annotated query 'SELECT  d.batteryCapacity FROM Drone d WHERE d.serialNumber = :serial'!; nested exception is java.lang.IllegalStateException: Using named parameters for method public abstract java.lang.Double com.musalasoft.droneapi.repo.DroneRepository.getCapacityForSerial(java.lang.String) but parameter 'Optional[serialNumber]' not found in annotated query 'SELECT  d.batteryCapacity FROM Drone d WHERE d.serialNumber = :serial'!
	at org.springframework.data.repository.query.QueryCreationException.create(QueryCreationException.java:101) ~[spring-data-commons-2.7.5.jar:2.7.5]
	at org.springframework.data.repository.core.support.QueryExecutorMethodInterceptor.lookupQuery(QueryExecutorMethodInterceptor.java:107) ~[spring-data-commons-2.7.5.jar:2.7.5]
	at org.springframework.data.repository.core.support.QueryExecutorMethodInterceptor.lambda$mapMethodsToQuery$1(QueryExecutorMethodInterceptor.java:95) ~[spring-data-commons-2.7.5.jar:2.7.5]
	at java.util.stream.ReferencePipeline$3$1.accept(ReferencePipeline.java:193) ~[na:1.8.0_333]
	at java.util.Iterator.forEachRemaining(Iterator.java:116) ~[na:1.8.0_333]
	at java.util.Collections$UnmodifiableCollection$1.forEachRemaining(Collections.java:1051) ~[na:1.8.0_333]
	at java.util.Spliterators$IteratorSpliterator.forEachRemaining(Spliterators.java:1801) ~[na:1.8.0_333]
	at java.util.stream.AbstractPipeline.copyInto(AbstractPipeline.java:482) ~[na:1.8.0_333]
	at java.util.stream.AbstractPipeline.wrapAndCopyInto(AbstractPipeline.java:472) ~[na:1.8.0_333]
	at java.util.stream.ReduceOps$ReduceOp.evaluateSequential(ReduceOps.java:708) ~[na:1.8.0_333]
	at java.util.stream.AbstractPipeline.evaluate(AbstractPipeline.java:234) ~[na:1.8.0_333]
	at java.util.stream.ReferencePipeline.collect(ReferencePipeline.java:499) ~[na:1.8.0_333]
	at org.springframework.data.repository.core.support.QueryExecutorMethodInterceptor.mapMethodsToQuery(QueryExecutorMethodInterceptor.java:97) ~[spring-data-commons-2.7.5.jar:2.7.5]
	at org.springframework.data.repository.core.support.QueryExecutorMethodInterceptor.lambda$new$0(QueryExecutorMethodInterceptor.java:87) ~[spring-data-commons-2.7.5.jar:2.7.5]
	at java.util.Optional.map(Optional.java:215) ~[na:1.8.0_333]
	at org.springframework.data.repository.core.support.QueryExecutorMethodInterceptor.<init>(QueryExecutorMethodInterceptor.java:87) ~[spring-data-commons-2.7.5.jar:2.7.5]
	at org.springframework.data.repository.core.support.RepositoryFactorySupport.getRepository(RepositoryFactorySupport.java:365) ~[spring-data-commons-2.7.5.jar:2.7.5]
	at org.springframework.data.repository.core.support.RepositoryFactoryBeanSupport.lambda$afterPropertiesSet$5(RepositoryFactoryBeanSupport.java:323) ~[spring-data-commons-2.7.5.jar:2.7.5]
	at org.springframework.data.util.Lazy.getNullable(Lazy.java:231) ~[spring-data-commons-2.7.5.jar:2.7.5]
	at org.springframework.data.util.Lazy.get(Lazy.java:115) ~[spring-data-commons-2.7.5.jar:2.7.5]
	at org.springframework.data.repository.core.support.RepositoryFactoryBeanSupport.afterPropertiesSet(RepositoryFactoryBeanSupport.java:329) ~[spring-data-commons-2.7.5.jar:2.7.5]
	at org.springframework.data.jpa.repository.support.JpaRepositoryFactoryBean.afterPropertiesSet(JpaRepositoryFactoryBean.java:144) ~[spring-data-jpa-2.7.5.jar:2.7.5]
	at org.springframework.beans.factory.support.AbstractAutowireCapableBeanFactory.invokeInitMethods(AbstractAutowireCapableBeanFactory.java:1863) ~[spring-beans-5.3.23.jar:5.3.23]
	at org.springframework.beans.factory.support.AbstractAutowireCapableBeanFactory.initializeBean(AbstractAutowireCapableBeanFactory.java:1800) ~[spring-beans-5.3.23.jar:5.3.23]
	... 44 common frames omitted
Caused by: java.lang.IllegalStateException: Using named parameters for method public abstract java.lang.Double com.musalasoft.droneapi.repo.DroneRepository.getCapacityForSerial(java.lang.String) but parameter 'Optional[serialNumber]' not found in annotated query 'SELECT  d.batteryCapacity FROM Drone d WHERE d.serialNumber = :serial'!
	at org.springframework.data.jpa.repository.query.JpaQueryMethod.assertParameterNamesInAnnotatedQuery(JpaQueryMethod.java:172) ~[spring-data-jpa-2.7.5.jar:2.7.5]
	at org.springframework.data.jpa.repository.query.JpaQueryMethod.<init>(JpaQueryMethod.java:139) ~[spring-data-jpa-2.7.5.jar:2.7.5]
	at org.springframework.data.jpa.repository.query.DefaultJpaQueryMethodFactory.build(DefaultJpaQueryMethodFactory.java:44) ~[spring-data-jpa-2.7.5.jar:2.7.5]
	at org.springframework.data.jpa.repository.query.JpaQueryLookupStrategy$AbstractQueryLookupStrategy.resolveQuery(JpaQueryLookupStrategy.java:93) ~[spring-data-jpa-2.7.5.jar:2.7.5]
	at org.springframework.data.repository.core.support.QueryExecutorMethodInterceptor.lookupQuery(QueryExecutorMethodInterceptor.java:103) ~[spring-data-commons-2.7.5.jar:2.7.5]
	... 66 common frames omitted

2023-03-14 08:55:24.659  INFO 11100 --- [main] com.musalasoft.droneapi.DroneApi         : Starting DroneApi using Java 1.8.0_333 on DESKTOP-3FVDAL6 with PID 11100 (D:\Downloads\drone-app\target\classes started by i213016 in D:\Downloads\drone-app)
2023-03-14 08:55:24.664  INFO 11100 --- [main] com.musalasoft.droneapi.DroneApi         : No active profile set, falling back to 1 default profile: "default"
2023-03-14 08:55:25.970  INFO 11100 --- [main] .s.d.r.c.RepositoryConfigurationDelegate : Bootstrapping Spring Data JPA repositories in DEFAULT mode.
2023-03-14 08:55:26.030  INFO 11100 --- [main] .s.d.r.c.RepositoryConfigurationDelegate : Finished Spring Data repository scanning in 52 ms. Found 2 JPA repository interfaces.
2023-03-14 08:55:26.516  INFO 11100 --- [main] o.s.b.w.embedded.tomcat.TomcatWebServer  : Tomcat initialized with port(s): 8081 (http)
2023-03-14 08:55:26.516  INFO 11100 --- [main] o.apache.catalina.core.StandardService   : Starting service [Tomcat]
2023-03-14 08:55:26.524  INFO 11100 --- [main] org.apache.catalina.core.StandardEngine  : Starting Servlet engine: [Apache Tomcat/9.0.68]
2023-03-14 08:55:26.819  INFO 11100 --- [main] o.a.c.c.C.[Tomcat].[localhost].[/]       : Initializing Spring embedded WebApplicationContext
2023-03-14 08:55:26.819  INFO 11100 --- [main] w.s.c.ServletWebServerApplicationContext : Root WebApplicationContext: initialization completed in 2019 ms
2023-03-14 08:55:26.849  INFO 11100 --- [main] com.zaxxer.hikari.HikariDataSource       : HikariPool-1 - Starting...
2023-03-14 08:55:26.990  INFO 11100 --- [main] com.zaxxer.hikari.HikariDataSource       : HikariPool-1 - Start completed.
2023-03-14 08:55:27.000  INFO 11100 --- [main] o.s.b.a.h2.H2ConsoleAutoConfiguration    : H2 console available at '/h2-console'. Database available at 'jdbc:h2:mem:drone'
2023-03-14 08:55:27.089  INFO 11100 --- [main] o.hibernate.jpa.internal.util.LogHelper  : HHH000204: Processing PersistenceUnitInfo [name: default]
2023-03-14 08:55:27.130  INFO 11100 --- [main] org.hibernate.Version                    : HHH000412: Hibernate ORM core version 5.6.12.Final
2023-03-14 08:55:27.281  INFO 11100 --- [main] o.hibernate.annotations.common.Version   : HCANN000001: Hibernate Commons Annotations {5.1.2.Final}
2023-03-14 08:55:27.377  INFO 11100 --- [main] org.hibernate.dialect.Dialect            : HHH000400: Using dialect: org.hibernate.dialect.H2Dialect
2023-03-14 08:55:27.921  INFO 11100 --- [main] o.h.e.t.j.p.i.JtaPlatformInitiator       : HHH000490: Using JtaPlatform implementation: [org.hibernate.engine.transaction.jta.platform.internal.NoJtaPlatform]
2023-03-14 08:55:27.921  INFO 11100 --- [main] j.LocalContainerEntityManagerFactoryBean : Initialized JPA EntityManagerFactory for persistence unit 'default'
2023-03-14 08:55:28.487  WARN 11100 --- [main] JpaBaseConfiguration$JpaWebConfiguration : spring.jpa.open-in-view is enabled by default. Therefore, database queries may be performed during view rendering. Explicitly configure spring.jpa.open-in-view to disable this warning
2023-03-14 08:55:29.042  INFO 11100 --- [main] o.s.b.w.embedded.tomcat.TomcatWebServer  : Tomcat started on port(s): 8081 (http) with context path ''
2023-03-14 08:55:29.244  INFO 11100 --- [main] com.musalasoft.droneapi.DroneApi         : Started DroneApi in 5.246 seconds (JVM running for 7.588)
2023-03-14 08:55:52.683  INFO 11100 --- [http-nio-8081-exec-1] o.a.c.c.C.[Tomcat].[localhost].[/]       : Initializing Spring DispatcherServlet 'dispatcherServlet'
2023-03-14 08:55:52.684  INFO 11100 --- [http-nio-8081-exec-1] o.s.web.servlet.DispatcherServlet        : Initializing Servlet 'dispatcherServlet'
2023-03-14 08:55:52.687  INFO 11100 --- [http-nio-8081-exec-1] o.s.web.servlet.DispatcherServlet        : Completed initialization in 3 ms
2023-03-14 08:56:26.655  INFO 11100 --- [http-nio-8081-exec-7] c.m.droneapi.service.DroneService        : Retrieving Battery capacity for given DRONE001 drone : 
2023-03-14 08:56:36.344  INFO 11100 --- [http-nio-8081-exec-8] c.m.droneapi.service.DroneService        : Retrieving Battery capacity for given DRONE002 drone : 
2023-03-14 08:56:43.083  INFO 11100 --- [http-nio-8081-exec-9] c.m.droneapi.service.DroneService        : Retrieving Battery capacity for given DRONE009 drone : 
2023-03-14 09:01:21.960  INFO 21328 --- [main] com.musalasoft.droneapi.DroneApi         : Starting DroneApi using Java 1.8.0_333 on DESKTOP-3FVDAL6 with PID 21328 (D:\Downloads\drone-app\target\classes started by i213016 in D:\Downloads\drone-app)
2023-03-14 09:01:21.976  INFO 21328 --- [main] com.musalasoft.droneapi.DroneApi         : No active profile set, falling back to 1 default profile: "default"
2023-03-14 09:01:23.083  INFO 21328 --- [main] .s.d.r.c.RepositoryConfigurationDelegate : Bootstrapping Spring Data JPA repositories in DEFAULT mode.
2023-03-14 09:01:23.156  INFO 21328 --- [main] .s.d.r.c.RepositoryConfigurationDelegate : Finished Spring Data repository scanning in 53 ms. Found 2 JPA repository interfaces.
2023-03-14 09:01:23.648  INFO 21328 --- [main] o.s.b.w.embedded.tomcat.TomcatWebServer  : Tomcat initialized with port(s): 8081 (http)
2023-03-14 09:01:23.648  INFO 21328 --- [main] o.apache.catalina.core.StandardService   : Starting service [Tomcat]
2023-03-14 09:01:23.648  INFO 21328 --- [main] org.apache.catalina.core.StandardEngine  : Starting Servlet engine: [Apache Tomcat/9.0.68]
2023-03-14 09:01:23.943  INFO 21328 --- [main] o.a.c.c.C.[Tomcat].[localhost].[/]       : Initializing Spring embedded WebApplicationContext
2023-03-14 09:01:23.943  INFO 21328 --- [main] w.s.c.ServletWebServerApplicationContext : Root WebApplicationContext: initialization completed in 1910 ms
2023-03-14 09:01:23.965  INFO 21328 --- [main] com.zaxxer.hikari.HikariDataSource       : HikariPool-1 - Starting...
2023-03-14 09:01:24.104  INFO 21328 --- [main] com.zaxxer.hikari.HikariDataSource       : HikariPool-1 - Start completed.
2023-03-14 09:01:24.115  INFO 21328 --- [main] o.s.b.a.h2.H2ConsoleAutoConfiguration    : H2 console available at '/h2-console'. Database available at 'jdbc:h2:mem:drone'
2023-03-14 09:01:24.197  INFO 21328 --- [main] o.hibernate.jpa.internal.util.LogHelper  : HHH000204: Processing PersistenceUnitInfo [name: default]
2023-03-14 09:01:24.228  INFO 21328 --- [main] org.hibernate.Version                    : HHH000412: Hibernate ORM core version 5.6.12.Final
2023-03-14 09:01:24.362  INFO 21328 --- [main] o.hibernate.annotations.common.Version   : HCANN000001: Hibernate Commons Annotations {5.1.2.Final}
2023-03-14 09:01:24.469  INFO 21328 --- [main] org.hibernate.dialect.Dialect            : HHH000400: Using dialect: org.hibernate.dialect.H2Dialect
2023-03-14 09:01:24.999  INFO 21328 --- [main] o.h.e.t.j.p.i.JtaPlatformInitiator       : HHH000490: Using JtaPlatform implementation: [org.hibernate.engine.transaction.jta.platform.internal.NoJtaPlatform]
2023-03-14 09:01:25.015  INFO 21328 --- [main] j.LocalContainerEntityManagerFactoryBean : Initialized JPA EntityManagerFactory for persistence unit 'default'
2023-03-14 09:01:25.548  WARN 21328 --- [main] JpaBaseConfiguration$JpaWebConfiguration : spring.jpa.open-in-view is enabled by default. Therefore, database queries may be performed during view rendering. Explicitly configure spring.jpa.open-in-view to disable this warning
2023-03-14 09:01:26.115  INFO 21328 --- [main] o.s.b.w.embedded.tomcat.TomcatWebServer  : Tomcat started on port(s): 8081 (http) with context path ''
2023-03-14 09:01:26.399  INFO 21328 --- [main] com.musalasoft.droneapi.DroneApi         : Started DroneApi in 5.04 seconds (JVM running for 7.395)
2023-03-14 09:01:31.292  INFO 21328 --- [http-nio-8081-exec-1] o.a.c.c.C.[Tomcat].[localhost].[/]       : Initializing Spring DispatcherServlet 'dispatcherServlet'
2023-03-14 09:01:31.293  INFO 21328 --- [http-nio-8081-exec-1] o.s.web.servlet.DispatcherServlet        : Initializing Servlet 'dispatcherServlet'
2023-03-14 09:01:31.297  INFO 21328 --- [http-nio-8081-exec-1] o.s.web.servlet.DispatcherServlet        : Completed initialization in 4 ms
2023-03-14 09:01:49.107  INFO 21328 --- [http-nio-8081-exec-6] c.m.droneapi.service.DroneService        : Retrieving Battery capacity for given DRONE001 drone : 
2023-03-14 09:01:51.215  INFO 21328 --- [http-nio-8081-exec-7] c.m.droneapi.service.DroneService        : Retrieving Battery capacity for given DRONE001 drone : 
2023-03-14 09:01:56.685  INFO 21328 --- [http-nio-8081-exec-8] c.m.droneapi.service.DroneService        : Retrieving Battery capacity for given DRONE002 drone : 
2023-03-14 09:02:01.764  INFO 21328 --- [http-nio-8081-exec-9] c.m.droneapi.service.DroneService        : Retrieving Battery capacity for given DRONE0020 drone : 
2023-03-14 09:07:09.993  INFO 12108 --- [main] com.musalasoft.droneapi.DroneApi         : Starting DroneApi using Java 1.8.0_333 on DESKTOP-3FVDAL6 with PID 12108 (D:\Downloads\drone-app\target\classes started by i213016 in D:\Downloads\drone-app)
2023-03-14 09:07:09.999  INFO 12108 --- [main] com.musalasoft.droneapi.DroneApi         : No active profile set, falling back to 1 default profile: "default"
2023-03-14 09:07:12.719  INFO 12108 --- [main] .s.d.r.c.RepositoryConfigurationDelegate : Bootstrapping Spring Data JPA repositories in DEFAULT mode.
2023-03-14 09:07:12.846  INFO 12108 --- [main] .s.d.r.c.RepositoryConfigurationDelegate : Finished Spring Data repository scanning in 110 ms. Found 2 JPA repository interfaces.
2023-03-14 09:07:13.797  INFO 12108 --- [main] o.s.b.w.embedded.tomcat.TomcatWebServer  : Tomcat initialized with port(s): 8081 (http)
2023-03-14 09:07:13.811  INFO 12108 --- [main] o.apache.catalina.core.StandardService   : Starting service [Tomcat]
2023-03-14 09:07:13.811  INFO 12108 --- [main] org.apache.catalina.core.StandardEngine  : Starting Servlet engine: [Apache Tomcat/9.0.68]
2023-03-14 09:07:14.284  INFO 12108 --- [main] o.a.c.c.C.[Tomcat].[localhost].[/]       : Initializing Spring embedded WebApplicationContext
2023-03-14 09:07:14.284  INFO 12108 --- [main] w.s.c.ServletWebServerApplicationContext : Root WebApplicationContext: initialization completed in 4205 ms
2023-03-14 09:07:14.327  INFO 12108 --- [main] com.zaxxer.hikari.HikariDataSource       : HikariPool-1 - Starting...
2023-03-14 09:07:14.649  INFO 12108 --- [main] com.zaxxer.hikari.HikariDataSource       : HikariPool-1 - Start completed.
2023-03-14 09:07:14.680  INFO 12108 --- [main] o.s.b.a.h2.H2ConsoleAutoConfiguration    : H2 console available at '/h2-console'. Database available at 'jdbc:h2:mem:drone'
2023-03-14 09:07:14.880  INFO 12108 --- [main] o.hibernate.jpa.internal.util.LogHelper  : HHH000204: Processing PersistenceUnitInfo [name: default]
2023-03-14 09:07:14.995  INFO 12108 --- [main] org.hibernate.Version                    : HHH000412: Hibernate ORM core version 5.6.12.Final
2023-03-14 09:07:15.386  INFO 12108 --- [main] o.hibernate.annotations.common.Version   : HCANN000001: Hibernate Commons Annotations {5.1.2.Final}
2023-03-14 09:07:15.629  INFO 12108 --- [main] org.hibernate.dialect.Dialect            : HHH000400: Using dialect: org.hibernate.dialect.H2Dialect
2023-03-14 09:07:16.769  INFO 12108 --- [main] o.h.e.t.j.p.i.JtaPlatformInitiator       : HHH000490: Using JtaPlatform implementation: [org.hibernate.engine.transaction.jta.platform.internal.NoJtaPlatform]
2023-03-14 09:07:16.771  INFO 12108 --- [main] j.LocalContainerEntityManagerFactoryBean : Initialized JPA EntityManagerFactory for persistence unit 'default'
2023-03-14 09:07:17.476  WARN 12108 --- [main] JpaBaseConfiguration$JpaWebConfiguration : spring.jpa.open-in-view is enabled by default. Therefore, database queries may be performed during view rendering. Explicitly configure spring.jpa.open-in-view to disable this warning
2023-03-14 09:07:18.058  INFO 12108 --- [main] o.s.b.w.embedded.tomcat.TomcatWebServer  : Tomcat started on port(s): 8081 (http) with context path ''
2023-03-14 09:07:18.296  INFO 12108 --- [main] com.musalasoft.droneapi.DroneApi         : Started DroneApi in 9.101 seconds (JVM running for 11.608)
2023-03-14 09:07:25.775  INFO 12108 --- [http-nio-8081-exec-1] o.a.c.c.C.[Tomcat].[localhost].[/]       : Initializing Spring DispatcherServlet 'dispatcherServlet'
2023-03-14 09:07:25.775  INFO 12108 --- [http-nio-8081-exec-1] o.s.web.servlet.DispatcherServlet        : Initializing Servlet 'dispatcherServlet'
2023-03-14 09:07:25.776  INFO 12108 --- [http-nio-8081-exec-1] o.s.web.servlet.DispatcherServlet        : Completed initialization in 1 ms
2023-03-14 09:07:57.701  INFO 12108 --- [http-nio-8081-exec-7] c.m.droneapi.service.DroneService        : Retrieving Battery capacity for given DRONE001 drone : 
2023-03-14 09:08:04.978  INFO 12108 --- [http-nio-8081-exec-2] c.m.droneapi.service.DroneService        : Retrieving Battery capacity for given DRONE0010 drone : 
2023-03-14 09:08:12.304  INFO 12108 --- [http-nio-8081-exec-8] c.m.droneapi.service.DroneService        : Retrieving Battery capacity for given DRONE0010 drone : 
2023-03-14 09:09:24.392  INFO 1652 --- [main] com.musalasoft.droneapi.DroneApi         : Starting DroneApi using Java 1.8.0_333 on DESKTOP-3FVDAL6 with PID 1652 (D:\Downloads\drone-app\target\classes started by i213016 in D:\Downloads\drone-app)
2023-03-14 09:09:24.392  INFO 1652 --- [main] com.musalasoft.droneapi.DroneApi         : No active profile set, falling back to 1 default profile: "default"
2023-03-14 09:09:25.618  INFO 1652 --- [main] .s.d.r.c.RepositoryConfigurationDelegate : Bootstrapping Spring Data JPA repositories in DEFAULT mode.
2023-03-14 09:09:25.695  INFO 1652 --- [main] .s.d.r.c.RepositoryConfigurationDelegate : Finished Spring Data repository scanning in 58 ms. Found 2 JPA repository interfaces.
2023-03-14 09:09:26.270  INFO 1652 --- [main] o.s.b.w.embedded.tomcat.TomcatWebServer  : Tomcat initialized with port(s): 8081 (http)
2023-03-14 09:09:26.285  INFO 1652 --- [main] o.apache.catalina.core.StandardService   : Starting service [Tomcat]
2023-03-14 09:09:26.285  INFO 1652 --- [main] org.apache.catalina.core.StandardEngine  : Starting Servlet engine: [Apache Tomcat/9.0.68]
2023-03-14 09:09:26.604  INFO 1652 --- [main] o.a.c.c.C.[Tomcat].[localhost].[/]       : Initializing Spring embedded WebApplicationContext
2023-03-14 09:09:26.604  INFO 1652 --- [main] w.s.c.ServletWebServerApplicationContext : Root WebApplicationContext: initialization completed in 2158 ms
2023-03-14 09:09:26.620  INFO 1652 --- [main] com.zaxxer.hikari.HikariDataSource       : HikariPool-1 - Starting...
2023-03-14 09:09:26.779  INFO 1652 --- [main] com.zaxxer.hikari.HikariDataSource       : HikariPool-1 - Start completed.
2023-03-14 09:09:26.787  INFO 1652 --- [main] o.s.b.a.h2.H2ConsoleAutoConfiguration    : H2 console available at '/h2-console'. Database available at 'jdbc:h2:mem:drone'
2023-03-14 09:09:26.871  INFO 1652 --- [main] o.hibernate.jpa.internal.util.LogHelper  : HHH000204: Processing PersistenceUnitInfo [name: default]
2023-03-14 09:09:26.902  INFO 1652 --- [main] org.hibernate.Version                    : HHH000412: Hibernate ORM core version 5.6.12.Final
2023-03-14 09:09:27.032  INFO 1652 --- [main] o.hibernate.annotations.common.Version   : HCANN000001: Hibernate Commons Annotations {5.1.2.Final}
2023-03-14 09:09:27.133  INFO 1652 --- [main] org.hibernate.dialect.Dialect            : HHH000400: Using dialect: org.hibernate.dialect.H2Dialect
2023-03-14 09:09:27.685  INFO 1652 --- [main] o.h.e.t.j.p.i.JtaPlatformInitiator       : HHH000490: Using JtaPlatform implementation: [org.hibernate.engine.transaction.jta.platform.internal.NoJtaPlatform]
2023-03-14 09:09:27.701  INFO 1652 --- [main] j.LocalContainerEntityManagerFactoryBean : Initialized JPA EntityManagerFactory for persistence unit 'default'
2023-03-14 09:09:28.236  WARN 1652 --- [main] JpaBaseConfiguration$JpaWebConfiguration : spring.jpa.open-in-view is enabled by default. Therefore, database queries may be performed during view rendering. Explicitly configure spring.jpa.open-in-view to disable this warning
2023-03-14 09:09:28.735  INFO 1652 --- [main] o.s.b.w.embedded.tomcat.TomcatWebServer  : Tomcat started on port(s): 8081 (http) with context path ''
2023-03-14 09:09:28.954  INFO 1652 --- [main] com.musalasoft.droneapi.DroneApi         : Started DroneApi in 5.225 seconds (JVM running for 7.782)
2023-03-14 09:09:55.437  INFO 10472 --- [main] com.musalasoft.droneapi.DroneApi         : Starting DroneApi using Java 1.8.0_333 on DESKTOP-3FVDAL6 with PID 10472 (D:\Downloads\drone-app\target\classes started by i213016 in D:\Downloads\drone-app)
2023-03-14 09:09:55.455  INFO 10472 --- [main] com.musalasoft.droneapi.DroneApi         : No active profile set, falling back to 1 default profile: "default"
2023-03-14 09:09:57.416  INFO 10472 --- [main] .s.d.r.c.RepositoryConfigurationDelegate : Bootstrapping Spring Data JPA repositories in DEFAULT mode.
2023-03-14 09:09:57.501  INFO 10472 --- [main] .s.d.r.c.RepositoryConfigurationDelegate : Finished Spring Data repository scanning in 67 ms. Found 2 JPA repository interfaces.
2023-03-14 09:09:58.056  INFO 10472 --- [main] o.s.b.w.embedded.tomcat.TomcatWebServer  : Tomcat initialized with port(s): 8081 (http)
2023-03-14 09:09:58.071  INFO 10472 --- [main] o.apache.catalina.core.StandardService   : Starting service [Tomcat]
2023-03-14 09:09:58.071  INFO 10472 --- [main] org.apache.catalina.core.StandardEngine  : Starting Servlet engine: [Apache Tomcat/9.0.68]
2023-03-14 09:09:58.371  INFO 10472 --- [main] o.a.c.c.C.[Tomcat].[localhost].[/]       : Initializing Spring embedded WebApplicationContext
2023-03-14 09:09:58.371  INFO 10472 --- [main] w.s.c.ServletWebServerApplicationContext : Root WebApplicationContext: initialization completed in 2784 ms
2023-03-14 09:09:58.403  INFO 10472 --- [main] com.zaxxer.hikari.HikariDataSource       : HikariPool-1 - Starting...
2023-03-14 09:09:58.572  INFO 10472 --- [main] com.zaxxer.hikari.HikariDataSource       : HikariPool-1 - Start completed.
2023-03-14 09:09:58.588  INFO 10472 --- [main] o.s.b.a.h2.H2ConsoleAutoConfiguration    : H2 console available at '/h2-console'. Database available at 'jdbc:h2:mem:drone'
2023-03-14 09:09:58.688  INFO 10472 --- [main] o.hibernate.jpa.internal.util.LogHelper  : HHH000204: Processing PersistenceUnitInfo [name: default]
2023-03-14 09:09:58.719  INFO 10472 --- [main] org.hibernate.Version                    : HHH000412: Hibernate ORM core version 5.6.12.Final
2023-03-14 09:09:58.857  INFO 10472 --- [main] o.hibernate.annotations.common.Version   : HCANN000001: Hibernate Commons Annotations {5.1.2.Final}
2023-03-14 09:09:58.968  INFO 10472 --- [main] org.hibernate.dialect.Dialect            : HHH000400: Using dialect: org.hibernate.dialect.H2Dialect
2023-03-14 09:09:59.660  INFO 10472 --- [main] o.h.e.t.j.p.i.JtaPlatformInitiator       : HHH000490: Using JtaPlatform implementation: [org.hibernate.engine.transaction.jta.platform.internal.NoJtaPlatform]
2023-03-14 09:09:59.671  INFO 10472 --- [main] j.LocalContainerEntityManagerFactoryBean : Initialized JPA EntityManagerFactory for persistence unit 'default'
2023-03-14 09:10:00.277  WARN 10472 --- [main] JpaBaseConfiguration$JpaWebConfiguration : spring.jpa.open-in-view is enabled by default. Therefore, database queries may be performed during view rendering. Explicitly configure spring.jpa.open-in-view to disable this warning
2023-03-14 09:10:00.793  INFO 10472 --- [main] o.s.b.w.embedded.tomcat.TomcatWebServer  : Tomcat started on port(s): 8081 (http) with context path ''
2023-03-14 09:10:01.009  INFO 10472 --- [main] com.musalasoft.droneapi.DroneApi         : Started DroneApi in 6.505 seconds (JVM running for 10.301)
2023-03-14 09:10:04.908  INFO 10472 --- [http-nio-8081-exec-1] o.a.c.c.C.[Tomcat].[localhost].[/]       : Initializing Spring DispatcherServlet 'dispatcherServlet'
2023-03-14 09:10:04.908  INFO 10472 --- [http-nio-8081-exec-1] o.s.web.servlet.DispatcherServlet        : Initializing Servlet 'dispatcherServlet'
2023-03-14 09:10:04.910  INFO 10472 --- [http-nio-8081-exec-1] o.s.web.servlet.DispatcherServlet        : Completed initialization in 1 ms
2023-03-14 09:10:04.934  INFO 10472 --- [http-nio-8081-exec-1] c.m.droneapi.service.DroneService        : Retrieving Battery capacity for DRONE0010 drone 
2023-03-14 09:10:09.600  INFO 10472 --- [http-nio-8081-exec-3] c.m.droneapi.service.DroneService        : Retrieving Battery capacity for DRONE0010 drone 
2023-03-14 09:10:11.038  INFO 10472 --- [http-nio-8081-exec-2] c.m.droneapi.service.DroneService        : Retrieving Battery capacity for DRONE0010 drone 
2023-03-14 09:12:41.372  INFO 7832 --- [main] com.musalasoft.droneapi.DroneApi         : Starting DroneApi using Java 1.8.0_333 on DESKTOP-3FVDAL6 with PID 7832 (D:\Downloads\drone-app\target\classes started by i213016 in D:\Downloads\drone-app)
2023-03-14 09:12:41.375  INFO 7832 --- [main] com.musalasoft.droneapi.DroneApi         : No active profile set, falling back to 1 default profile: "default"
2023-03-14 09:12:42.508  INFO 7832 --- [main] .s.d.r.c.RepositoryConfigurationDelegate : Bootstrapping Spring Data JPA repositories in DEFAULT mode.
2023-03-14 09:12:42.583  INFO 7832 --- [main] .s.d.r.c.RepositoryConfigurationDelegate : Finished Spring Data repository scanning in 55 ms. Found 2 JPA repository interfaces.
2023-03-14 09:12:43.025  INFO 7832 --- [main] o.s.b.w.embedded.tomcat.TomcatWebServer  : Tomcat initialized with port(s): 8081 (http)
2023-03-14 09:12:43.040  INFO 7832 --- [main] o.apache.catalina.core.StandardService   : Starting service [Tomcat]
2023-03-14 09:12:43.040  INFO 7832 --- [main] org.apache.catalina.core.StandardEngine  : Starting Servlet engine: [Apache Tomcat/9.0.68]
2023-03-14 09:12:43.312  INFO 7832 --- [main] o.a.c.c.C.[Tomcat].[localhost].[/]       : Initializing Spring embedded WebApplicationContext
2023-03-14 09:12:43.312  INFO 7832 --- [main] w.s.c.ServletWebServerApplicationContext : Root WebApplicationContext: initialization completed in 1898 ms
2023-03-14 09:12:43.346  INFO 7832 --- [main] com.zaxxer.hikari.HikariDataSource       : HikariPool-1 - Starting...
2023-03-14 09:12:43.479  INFO 7832 --- [main] com.zaxxer.hikari.HikariDataSource       : HikariPool-1 - Start completed.
2023-03-14 09:12:43.494  INFO 7832 --- [main] o.s.b.a.h2.H2ConsoleAutoConfiguration    : H2 console available at '/h2-console'. Database available at 'jdbc:h2:mem:drone'
2023-03-14 09:12:43.620  INFO 7832 --- [main] o.hibernate.jpa.internal.util.LogHelper  : HHH000204: Processing PersistenceUnitInfo [name: default]
2023-03-14 09:12:43.662  INFO 7832 --- [main] org.hibernate.Version                    : HHH000412: Hibernate ORM core version 5.6.12.Final
2023-03-14 09:12:43.798  INFO 7832 --- [main] o.hibernate.annotations.common.Version   : HCANN000001: Hibernate Commons Annotations {5.1.2.Final}
2023-03-14 09:12:43.879  INFO 7832 --- [main] org.hibernate.dialect.Dialect            : HHH000400: Using dialect: org.hibernate.dialect.H2Dialect
2023-03-14 09:12:44.456  INFO 7832 --- [main] o.h.e.t.j.p.i.JtaPlatformInitiator       : HHH000490: Using JtaPlatform implementation: [org.hibernate.engine.transaction.jta.platform.internal.NoJtaPlatform]
2023-03-14 09:12:44.464  INFO 7832 --- [main] j.LocalContainerEntityManagerFactoryBean : Initialized JPA EntityManagerFactory for persistence unit 'default'
2023-03-14 09:12:45.027  WARN 7832 --- [main] JpaBaseConfiguration$JpaWebConfiguration : spring.jpa.open-in-view is enabled by default. Therefore, database queries may be performed during view rendering. Explicitly configure spring.jpa.open-in-view to disable this warning
2023-03-14 09:12:45.523  INFO 7832 --- [main] o.s.b.w.embedded.tomcat.TomcatWebServer  : Tomcat started on port(s): 8081 (http) with context path ''
2023-03-14 09:12:45.696  INFO 7832 --- [main] com.musalasoft.droneapi.DroneApi         : Started DroneApi in 4.942 seconds (JVM running for 7.539)
2023-03-14 09:12:49.876  INFO 7832 --- [http-nio-8081-exec-1] o.a.c.c.C.[Tomcat].[localhost].[/]       : Initializing Spring DispatcherServlet 'dispatcherServlet'
2023-03-14 09:12:49.876  INFO 7832 --- [http-nio-8081-exec-1] o.s.web.servlet.DispatcherServlet        : Initializing Servlet 'dispatcherServlet'
2023-03-14 09:12:49.880  INFO 7832 --- [http-nio-8081-exec-1] o.s.web.servlet.DispatcherServlet        : Completed initialization in 4 ms
2023-03-14 09:13:05.651  INFO 7832 --- [http-nio-8081-exec-6] c.m.droneapi.service.DroneService        : Retrieving Battery capacity for DRONE001 drone 
2023-03-14 09:13:11.841  INFO 7832 --- [http-nio-8081-exec-7] c.m.droneapi.service.DroneService        : Retrieving Battery capacity for DRONE0010 drone 
2023-03-14 09:24:40.799  INFO 9724 --- [main] com.musalasoft.droneapi.DroneApi         : Starting DroneApi using Java 1.8.0_333 on DESKTOP-3FVDAL6 with PID 9724 (D:\Downloads\drone-app\target\classes started by i213016 in D:\Downloads\drone-app)
2023-03-14 09:24:40.804  INFO 9724 --- [main] com.musalasoft.droneapi.DroneApi         : No active profile set, falling back to 1 default profile: "default"
2023-03-14 09:24:41.974  INFO 9724 --- [main] .s.d.r.c.RepositoryConfigurationDelegate : Bootstrapping Spring Data JPA repositories in DEFAULT mode.
2023-03-14 09:24:42.037  INFO 9724 --- [main] .s.d.r.c.RepositoryConfigurationDelegate : Finished Spring Data repository scanning in 51 ms. Found 2 JPA repository interfaces.
2023-03-14 09:24:42.507  INFO 9724 --- [main] o.s.b.w.embedded.tomcat.TomcatWebServer  : Tomcat initialized with port(s): 8081 (http)
2023-03-14 09:24:42.507  INFO 9724 --- [main] o.apache.catalina.core.StandardService   : Starting service [Tomcat]
2023-03-14 09:24:42.507  INFO 9724 --- [main] org.apache.catalina.core.StandardEngine  : Starting Servlet engine: [Apache Tomcat/9.0.68]
2023-03-14 09:24:42.787  INFO 9724 --- [main] o.a.c.c.C.[Tomcat].[localhost].[/]       : Initializing Spring embedded WebApplicationContext
2023-03-14 09:24:42.787  INFO 9724 --- [main] w.s.c.ServletWebServerApplicationContext : Root WebApplicationContext: initialization completed in 1941 ms
2023-03-14 09:24:42.817  INFO 9724 --- [main] com.zaxxer.hikari.HikariDataSource       : HikariPool-1 - Starting...
2023-03-14 09:24:42.977  INFO 9724 --- [main] com.zaxxer.hikari.HikariDataSource       : HikariPool-1 - Start completed.
2023-03-14 09:24:42.977  INFO 9724 --- [main] o.s.b.a.h2.H2ConsoleAutoConfiguration    : H2 console available at '/h2-console'. Database available at 'jdbc:h2:mem:drone'
2023-03-14 09:24:43.071  INFO 9724 --- [main] o.hibernate.jpa.internal.util.LogHelper  : HHH000204: Processing PersistenceUnitInfo [name: default]
2023-03-14 09:24:43.102  INFO 9724 --- [main] org.hibernate.Version                    : HHH000412: Hibernate ORM core version 5.6.12.Final
2023-03-14 09:24:43.231  INFO 9724 --- [main] o.hibernate.annotations.common.Version   : HCANN000001: Hibernate Commons Annotations {5.1.2.Final}
2023-03-14 09:24:43.331  INFO 9724 --- [main] org.hibernate.dialect.Dialect            : HHH000400: Using dialect: org.hibernate.dialect.H2Dialect
2023-03-14 09:24:43.879  INFO 9724 --- [main] o.h.e.t.j.p.i.JtaPlatformInitiator       : HHH000490: Using JtaPlatform implementation: [org.hibernate.engine.transaction.jta.platform.internal.NoJtaPlatform]
2023-03-14 09:24:43.899  INFO 9724 --- [main] j.LocalContainerEntityManagerFactoryBean : Initialized JPA EntityManagerFactory for persistence unit 'default'
2023-03-14 09:24:44.433  WARN 9724 --- [main] JpaBaseConfiguration$JpaWebConfiguration : spring.jpa.open-in-view is enabled by default. Therefore, database queries may be performed during view rendering. Explicitly configure spring.jpa.open-in-view to disable this warning
2023-03-14 09:24:44.950  INFO 9724 --- [main] o.s.b.w.embedded.tomcat.TomcatWebServer  : Tomcat started on port(s): 8081 (http) with context path ''
2023-03-14 09:24:45.153  INFO 9724 --- [main] com.musalasoft.droneapi.DroneApi         : Started DroneApi in 5.008 seconds (JVM running for 7.474)
2023-03-14 09:25:20.939  INFO 9724 --- [http-nio-8081-exec-1] o.a.c.c.C.[Tomcat].[localhost].[/]       : Initializing Spring DispatcherServlet 'dispatcherServlet'
2023-03-14 09:25:20.939  INFO 9724 --- [http-nio-8081-exec-1] o.s.web.servlet.DispatcherServlet        : Initializing Servlet 'dispatcherServlet'
2023-03-14 09:25:20.944  INFO 9724 --- [http-nio-8081-exec-1] o.s.web.servlet.DispatcherServlet        : Completed initialization in 5 ms
2023-03-14 09:25:48.867  INFO 9724 --- [http-nio-8081-exec-6] c.m.droneapi.service.DroneService        : Retrieving Battery capacity for DRONE001 drone 
2023-03-14 09:25:57.051  INFO 9724 --- [http-nio-8081-exec-7] c.m.droneapi.service.DroneService        : Retrieving Battery capacity for DRONE0010 drone 
2023-03-14 09:26:09.889  INFO 9724 --- [http-nio-8081-exec-8] c.m.d.controller.DispatcherController    : Retrieving list of loaded medication for the given drone DRONE001
2023-03-14 09:26:09.889  INFO 9724 --- [http-nio-8081-exec-8] c.m.droneapi.service.DroneService        : Retrieving list of loaded medication for DRONE001 drone 
2023-03-14 09:26:18.322  INFO 9724 --- [http-nio-8081-exec-9] c.m.d.controller.DispatcherController    : Retrieving list of loaded medication for the given drone DRONE0010
2023-03-14 09:26:18.322  INFO 9724 --- [http-nio-8081-exec-9] c.m.droneapi.service.DroneService        : Retrieving list of loaded medication for DRONE0010 drone 
2023-03-14 09:30:26.726  INFO 12080 --- [main] com.musalasoft.droneapi.DroneApi         : Starting DroneApi using Java 1.8.0_333 on DESKTOP-3FVDAL6 with PID 12080 (D:\Downloads\drone-app\target\classes started by i213016 in D:\Downloads\drone-app)
2023-03-14 09:30:26.734  INFO 12080 --- [main] com.musalasoft.droneapi.DroneApi         : No active profile set, falling back to 1 default profile: "default"
2023-03-14 09:30:27.818  INFO 12080 --- [main] .s.d.r.c.RepositoryConfigurationDelegate : Bootstrapping Spring Data JPA repositories in DEFAULT mode.
2023-03-14 09:30:27.872  INFO 12080 --- [main] .s.d.r.c.RepositoryConfigurationDelegate : Finished Spring Data repository scanning in 48 ms. Found 2 JPA repository interfaces.
2023-03-14 09:30:28.334  INFO 12080 --- [main] o.s.b.w.embedded.tomcat.TomcatWebServer  : Tomcat initialized with port(s): 8081 (http)
2023-03-14 09:30:28.341  INFO 12080 --- [main] o.apache.catalina.core.StandardService   : Starting service [Tomcat]
2023-03-14 09:30:28.341  INFO 12080 --- [main] org.apache.catalina.core.StandardEngine  : Starting Servlet engine: [Apache Tomcat/9.0.68]
2023-03-14 09:30:28.658  INFO 12080 --- [main] o.a.c.c.C.[Tomcat].[localhost].[/]       : Initializing Spring embedded WebApplicationContext
2023-03-14 09:30:28.658  INFO 12080 --- [main] w.s.c.ServletWebServerApplicationContext : Root WebApplicationContext: initialization completed in 1882 ms
2023-03-14 09:30:28.693  INFO 12080 --- [main] com.zaxxer.hikari.HikariDataSource       : HikariPool-1 - Starting...
2023-03-14 09:30:28.822  INFO 12080 --- [main] com.zaxxer.hikari.HikariDataSource       : HikariPool-1 - Start completed.
2023-03-14 09:30:28.822  INFO 12080 --- [main] o.s.b.a.h2.H2ConsoleAutoConfiguration    : H2 console available at '/h2-console'. Database available at 'jdbc:h2:mem:drone'
2023-03-14 09:30:28.907  INFO 12080 --- [main] o.hibernate.jpa.internal.util.LogHelper  : HHH000204: Processing PersistenceUnitInfo [name: default]
2023-03-14 09:30:28.942  INFO 12080 --- [main] org.hibernate.Version                    : HHH000412: Hibernate ORM core version 5.6.12.Final
2023-03-14 09:30:29.059  INFO 12080 --- [main] o.hibernate.annotations.common.Version   : HCANN000001: Hibernate Commons Annotations {5.1.2.Final}
2023-03-14 09:30:29.174  INFO 12080 --- [main] org.hibernate.dialect.Dialect            : HHH000400: Using dialect: org.hibernate.dialect.H2Dialect
2023-03-14 09:30:29.775  INFO 12080 --- [main] o.h.e.t.j.p.i.JtaPlatformInitiator       : HHH000490: Using JtaPlatform implementation: [org.hibernate.engine.transaction.jta.platform.internal.NoJtaPlatform]
2023-03-14 09:30:29.790  INFO 12080 --- [main] j.LocalContainerEntityManagerFactoryBean : Initialized JPA EntityManagerFactory for persistence unit 'default'
2023-03-14 09:30:30.360  WARN 12080 --- [main] JpaBaseConfiguration$JpaWebConfiguration : spring.jpa.open-in-view is enabled by default. Therefore, database queries may be performed during view rendering. Explicitly configure spring.jpa.open-in-view to disable this warning
2023-03-14 09:30:30.843  INFO 12080 --- [main] o.s.b.w.embedded.tomcat.TomcatWebServer  : Tomcat started on port(s): 8081 (http) with context path ''
2023-03-14 09:30:31.046  INFO 12080 --- [main] com.musalasoft.droneapi.DroneApi         : Started DroneApi in 4.922 seconds (JVM running for 7.517)
2023-03-14 09:31:05.108  INFO 12080 --- [http-nio-8081-exec-7] o.a.c.c.C.[Tomcat].[localhost].[/]       : Initializing Spring DispatcherServlet 'dispatcherServlet'
2023-03-14 09:31:05.109  INFO 12080 --- [http-nio-8081-exec-7] o.s.web.servlet.DispatcherServlet        : Initializing Servlet 'dispatcherServlet'
2023-03-14 09:31:05.112  INFO 12080 --- [http-nio-8081-exec-7] o.s.web.servlet.DispatcherServlet        : Completed initialization in 3 ms
2023-03-14 09:31:05.139  INFO 12080 --- [http-nio-8081-exec-7] c.m.d.controller.DispatcherController    : Retrieving list of loaded medication for the given drone DRONE0010
2023-03-14 09:31:05.139  INFO 12080 --- [http-nio-8081-exec-7] c.m.droneapi.service.DroneService        : Retrieving list of loaded medication for DRONE0010 drone 
2023-03-14 09:31:12.712  INFO 12080 --- [http-nio-8081-exec-2] c.m.d.controller.DispatcherController    : Retrieving list of loaded medication for the given drone DRONE001
2023-03-14 09:31:12.712  INFO 12080 --- [http-nio-8081-exec-2] c.m.droneapi.service.DroneService        : Retrieving list of loaded medication for DRONE001 drone 
2023-03-14 09:31:17.142  INFO 12080 --- [http-nio-8081-exec-10] c.m.d.controller.DispatcherController    : Retrieving list of loaded medication for the given drone DRONE001
2023-03-14 09:31:17.143  INFO 12080 --- [http-nio-8081-exec-10] c.m.droneapi.service.DroneService        : Retrieving list of loaded medication for DRONE001 drone 
